<?xml version="1.0" encoding="UTF-8"?>
<testsuite xmlns:xsi="http://www.w3.org/2001/XMLSchema-instance" xsi:noNamespaceSchemaLocation="https://maven.apache.org/surefire/maven-surefire-plugin/xsd/surefire-test-report-3.0.xsd" version="3.0" name="CodeExamples.SourceCodeSimpleTest" time="0.046" tests="2" errors="0" skipped="0" failures="0">
  <properties>
    <property name="java.specification.version" value="17"/>
    <property name="sun.cpu.isalist" value="amd64"/>
    <property name="sun.jnu.encoding" value="Cp1252"/>
    <property name="java.class.path" value="C:\Users\Admin\Desktop\iPatchValidator\target\test-classes;C:\Users\Admin\Desktop\iPatchValidator\target\classes;C:\Users\Admin\.m2\repository\org\soot-oss\sootup.core\1.1.2\sootup.core-1.1.2.jar;C:\Users\Admin\.m2\repository\org\jgrapht\jgrapht-core\1.3.1\jgrapht-core-1.3.1.jar;C:\Users\Admin\.m2\repository\org\jheaps\jheaps\0.10\jheaps-0.10.jar;C:\Users\Admin\.m2\repository\org\slf4j\slf4j-api\2.0.5\slf4j-api-2.0.5.jar;C:\Users\Admin\.m2\repository\org\apache\commons\commons-lang3\3.12.0\commons-lang3-3.12.0.jar;C:\Users\Admin\.m2\repository\commons-io\commons-io\2.11.0\commons-io-2.11.0.jar;C:\Users\Admin\.m2\repository\com\google\guava\guava\31.1-jre\guava-31.1-jre.jar;C:\Users\Admin\.m2\repository\com\google\guava\failureaccess\1.0.1\failureaccess-1.0.1.jar;C:\Users\Admin\.m2\repository\com\google\guava\listenablefuture\9999.0-empty-to-avoid-conflict-with-guava\listenablefuture-9999.0-empty-to-avoid-conflict-with-guava.jar;C:\Users\Admin\.m2\repository\org\checkerframework\checker-qual\3.12.0\checker-qual-3.12.0.jar;C:\Users\Admin\.m2\repository\com\google\errorprone\error_prone_annotations\2.11.0\error_prone_annotations-2.11.0.jar;C:\Users\Admin\.m2\repository\com\google\j2objc\j2objc-annotations\1.3\j2objc-annotations-1.3.jar;C:\Users\Admin\.m2\repository\com\google\code\findbugs\jsr305\3.0.2\jsr305-3.0.2.jar;C:\Users\Admin\.m2\repository\org\soot-oss\sootup.java.core\1.1.2\sootup.java.core-1.1.2.jar;C:\Users\Admin\.m2\repository\org\soot-oss\sootup.java.sourcecode\1.1.2\sootup.java.sourcecode-1.1.2.jar;C:\Users\Admin\.m2\repository\com\ibm\wala\com.ibm.wala.core\1.5.9\com.ibm.wala.core-1.5.9.jar;C:\Users\Admin\.m2\repository\com\ibm\wala\com.ibm.wala.cast\1.5.9\com.ibm.wala.cast-1.5.9.jar;C:\Users\Admin\.m2\repository\com\ibm\wala\com.ibm.wala.cast.java\1.5.9\com.ibm.wala.cast.java-1.5.9.jar;C:\Users\Admin\.m2\repository\com\ibm\wala\com.ibm.wala.cast.java.ecj\1.5.9\com.ibm.wala.cast.java.ecj-1.5.9.jar;C:\Users\Admin\.m2\repository\org\eclipse\platform\org.eclipse.core.runtime\3.17.100\org.eclipse.core.runtime-3.17.100.jar;C:\Users\Admin\.m2\repository\org\eclipse\platform\org.eclipse.osgi\3.14.0\org.eclipse.osgi-3.14.0.jar;C:\Users\Admin\.m2\repository\org\eclipse\platform\org.eclipse.equinox.common\3.14.100\org.eclipse.equinox.common-3.14.100.jar;C:\Users\Admin\.m2\repository\org\eclipse\platform\org.eclipse.core.jobs\3.9.3\org.eclipse.core.jobs-3.9.3.jar;C:\Users\Admin\.m2\repository\org\eclipse\platform\org.eclipse.equinox.registry\3.11.200\org.eclipse.equinox.registry-3.11.200.jar;C:\Users\Admin\.m2\repository\org\eclipse\platform\org.eclipse.equinox.preferences\3.9.100\org.eclipse.equinox.preferences-3.9.100.jar;C:\Users\Admin\.m2\repository\org\osgi\org.osgi.service.prefs\1.1.2\org.osgi.service.prefs-1.1.2.jar;C:\Users\Admin\.m2\repository\org\osgi\osgi.annotation\8.0.1\osgi.annotation-8.0.1.jar;C:\Users\Admin\.m2\repository\org\eclipse\platform\org.eclipse.core.contenttype\3.7.1000\org.eclipse.core.contenttype-3.7.1000.jar;C:\Users\Admin\.m2\repository\org\eclipse\platform\org.eclipse.equinox.app\1.6.200\org.eclipse.equinox.app-1.6.200.jar;C:\Users\Admin\.m2\repository\org\eclipse\jdt\org.eclipse.jdt.core\3.14.0\org.eclipse.jdt.core-3.14.0.jar;C:\Users\Admin\.m2\repository\org\eclipse\platform\org.eclipse.core.resources\3.14.0\org.eclipse.core.resources-3.14.0.jar;C:\Users\Admin\.m2\repository\org\eclipse\platform\org.eclipse.core.expressions\3.8.200\org.eclipse.core.expressions-3.8.200.jar;C:\Users\Admin\.m2\repository\org\eclipse\platform\org.eclipse.core.filesystem\1.9.500\org.eclipse.core.filesystem-1.9.500.jar;C:\Users\Admin\.m2\repository\org\eclipse\platform\org.eclipse.text\3.12.300\org.eclipse.text-3.12.300.jar;C:\Users\Admin\.m2\repository\org\eclipse\platform\org.eclipse.core.commands\3.9.700\org.eclipse.core.commands-3.9.700.jar;C:\Users\Admin\.m2\repository\com\ibm\wala\com.ibm.wala.util\1.5.9\com.ibm.wala.util-1.5.9.jar;C:\Users\Admin\.m2\repository\com\ibm\wala\com.ibm.wala.shrike\1.5.9\com.ibm.wala.shrike-1.5.9.jar;C:\Users\Admin\.m2\repository\com\ibm\wala\com.ibm.wala.dalvik\1.5.9\com.ibm.wala.dalvik-1.5.9.jar;C:\Users\Admin\.m2\repository\org\smali\dexlib2\2.5.2\dexlib2-2.5.2.jar;C:\Users\Admin\.m2\repository\org\soot-oss\sootup.java.bytecode\1.1.2\sootup.java.bytecode-1.1.2.jar;C:\Users\Admin\.m2\repository\org\ow2\asm\asm-util\9.5\asm-util-9.5.jar;C:\Users\Admin\.m2\repository\org\ow2\asm\asm\9.5\asm-9.5.jar;C:\Users\Admin\.m2\repository\org\ow2\asm\asm-tree\9.5\asm-tree-9.5.jar;C:\Users\Admin\.m2\repository\org\ow2\asm\asm-analysis\9.5\asm-analysis-9.5.jar;C:\Users\Admin\.m2\repository\org\ow2\asm\asm-commons\9.5\asm-commons-9.5.jar;C:\Users\Admin\.m2\repository\com\github\ThexXTURBOXx\dex2jar\dex-tools\v61\dex-tools-v61.jar;C:\Users\Admin\.m2\repository\com\github\ThexXTURBOXx\dex2jar\dex-translator\v61\dex-translator-v61.jar;C:\Users\Admin\.m2\repository\com\android\tools\r8\8.0.40\r8-8.0.40.jar;C:\Users\Admin\.m2\repository\com\github\ThexXTURBOXx\dex2jar\d2j-smali\v61\d2j-smali-v61.jar;C:\Users\Admin\.m2\repository\org\antlr\antlr4\4.9.3\antlr4-4.9.3.jar;C:\Users\Admin\.m2\repository\org\antlr\ST4\4.3.1\ST4-4.3.1.jar;C:\Users\Admin\.m2\repository\org\abego\treelayout\org.abego.treelayout.core\1.0.3\org.abego.treelayout.core-1.0.3.jar;C:\Users\Admin\.m2\repository\org\glassfish\javax.json\1.0.4\javax.json-1.0.4.jar;C:\Users\Admin\.m2\repository\com\ibm\icu\icu4j\69.1\icu4j-69.1.jar;C:\Users\Admin\.m2\repository\org\antlr\antlr-runtime\3.5.3\antlr-runtime-3.5.3.jar;C:\Users\Admin\.m2\repository\com\github\ThexXTURBOXx\dex2jar\d2j-jasmin\v61\d2j-jasmin-v61.jar;C:\Users\Admin\.m2\repository\org\antlr\antlr\3.5.3\antlr-3.5.3.jar;C:\Users\Admin\.m2\repository\com\github\ThexXTURBOXx\dex2jar\dex-writer\v61\dex-writer-v61.jar;C:\Users\Admin\.m2\repository\com\github\ThexXTURBOXx\dex2jar\dex-ir\v61\dex-ir-v61.jar;C:\Users\Admin\.m2\repository\com\github\ThexXTURBOXx\dex2jar\dex-reader-api\v61\dex-reader-api-v61.jar;C:\Users\Admin\.m2\repository\com\github\ThexXTURBOXx\dex2jar\dex-reader\v61\dex-reader-v61.jar;C:\Users\Admin\.m2\repository\com\github\ThexXTURBOXx\dex2jar\d2j-base-cmd\v61\d2j-base-cmd-v61.jar;C:\Users\Admin\.m2\repository\org\soot-oss\sootup.jimple.parser\1.1.2\sootup.jimple.parser-1.1.2.jar;C:\Users\Admin\.m2\repository\org\antlr\antlr4-runtime\4.7.2\antlr4-runtime-4.7.2.jar;C:\Users\Admin\.m2\repository\org\soot-oss\sootup.callgraph\1.1.2\sootup.callgraph-1.1.2.jar;C:\Users\Admin\.m2\repository\org\soot-oss\sootup.analysis\1.1.2\sootup.analysis-1.1.2.jar;C:\Users\Admin\.m2\repository\de\upb\cs\swt\heros\1.2.3\heros-1.2.3.jar;C:\Users\Admin\.m2\repository\org\functionaljava\functionaljava\4.2\functionaljava-4.2.jar;C:\Users\Admin\.m2\repository\org\slf4j\slf4j-nop\2.0.9\slf4j-nop-2.0.9.jar;C:\Users\Admin\.m2\repository\org\junit\jupiter\junit-jupiter-api\5.10.0\junit-jupiter-api-5.10.0.jar;C:\Users\Admin\.m2\repository\org\opentest4j\opentest4j\1.3.0\opentest4j-1.3.0.jar;C:\Users\Admin\.m2\repository\org\junit\platform\junit-platform-commons\1.10.0\junit-platform-commons-1.10.0.jar;C:\Users\Admin\.m2\repository\org\apiguardian\apiguardian-api\1.1.2\apiguardian-api-1.1.2.jar;C:\Users\Admin\.m2\repository\org\junit\jupiter\junit-jupiter-engine\5.10.0\junit-jupiter-engine-5.10.0.jar;C:\Users\Admin\.m2\repository\org\junit\platform\junit-platform-engine\1.10.0\junit-platform-engine-1.10.0.jar;"/>
    <property name="java.vm.vendor" value="Amazon.com Inc."/>
    <property name="sun.arch.data.model" value="64"/>
    <property name="user.variant" value=""/>
    <property name="java.vendor.url" value="https://aws.amazon.com/corretto/"/>
    <property name="user.timezone" value="Europe/Berlin"/>
    <property name="os.name" value="Windows 11"/>
    <property name="java.vm.specification.version" value="17"/>
    <property name="sun.java.launcher" value="SUN_STANDARD"/>
    <property name="user.country" value="US"/>
    <property name="sun.boot.library.path" value="C:\Users\Admin\.jdks\corretto-17.0.6\bin"/>
    <property name="sun.java.command" value="C:\Users\Admin\AppData\Local\Temp\surefire2904799523909705591\surefirebooter11564005996230611363.jar C:\Users\Admin\AppData\Local\Temp\surefire2904799523909705591 2023-10-11T11-21-26_376-jvmRun1 surefire12292437466367957484tmp surefire_015712211604290992814tmp"/>
    <property name="jdk.debug" value="release"/>
    <property name="surefire.test.class.path" value="C:\Users\Admin\Desktop\iPatchValidator\target\test-classes;C:\Users\Admin\Desktop\iPatchValidator\target\classes;C:\Users\Admin\.m2\repository\org\soot-oss\sootup.core\1.1.2\sootup.core-1.1.2.jar;C:\Users\Admin\.m2\repository\org\jgrapht\jgrapht-core\1.3.1\jgrapht-core-1.3.1.jar;C:\Users\Admin\.m2\repository\org\jheaps\jheaps\0.10\jheaps-0.10.jar;C:\Users\Admin\.m2\repository\org\slf4j\slf4j-api\2.0.5\slf4j-api-2.0.5.jar;C:\Users\Admin\.m2\repository\org\apache\commons\commons-lang3\3.12.0\commons-lang3-3.12.0.jar;C:\Users\Admin\.m2\repository\commons-io\commons-io\2.11.0\commons-io-2.11.0.jar;C:\Users\Admin\.m2\repository\com\google\guava\guava\31.1-jre\guava-31.1-jre.jar;C:\Users\Admin\.m2\repository\com\google\guava\failureaccess\1.0.1\failureaccess-1.0.1.jar;C:\Users\Admin\.m2\repository\com\google\guava\listenablefuture\9999.0-empty-to-avoid-conflict-with-guava\listenablefuture-9999.0-empty-to-avoid-conflict-with-guava.jar;C:\Users\Admin\.m2\repository\org\checkerframework\checker-qual\3.12.0\checker-qual-3.12.0.jar;C:\Users\Admin\.m2\repository\com\google\errorprone\error_prone_annotations\2.11.0\error_prone_annotations-2.11.0.jar;C:\Users\Admin\.m2\repository\com\google\j2objc\j2objc-annotations\1.3\j2objc-annotations-1.3.jar;C:\Users\Admin\.m2\repository\com\google\code\findbugs\jsr305\3.0.2\jsr305-3.0.2.jar;C:\Users\Admin\.m2\repository\org\soot-oss\sootup.java.core\1.1.2\sootup.java.core-1.1.2.jar;C:\Users\Admin\.m2\repository\org\soot-oss\sootup.java.sourcecode\1.1.2\sootup.java.sourcecode-1.1.2.jar;C:\Users\Admin\.m2\repository\com\ibm\wala\com.ibm.wala.core\1.5.9\com.ibm.wala.core-1.5.9.jar;C:\Users\Admin\.m2\repository\com\ibm\wala\com.ibm.wala.cast\1.5.9\com.ibm.wala.cast-1.5.9.jar;C:\Users\Admin\.m2\repository\com\ibm\wala\com.ibm.wala.cast.java\1.5.9\com.ibm.wala.cast.java-1.5.9.jar;C:\Users\Admin\.m2\repository\com\ibm\wala\com.ibm.wala.cast.java.ecj\1.5.9\com.ibm.wala.cast.java.ecj-1.5.9.jar;C:\Users\Admin\.m2\repository\org\eclipse\platform\org.eclipse.core.runtime\3.17.100\org.eclipse.core.runtime-3.17.100.jar;C:\Users\Admin\.m2\repository\org\eclipse\platform\org.eclipse.osgi\3.14.0\org.eclipse.osgi-3.14.0.jar;C:\Users\Admin\.m2\repository\org\eclipse\platform\org.eclipse.equinox.common\3.14.100\org.eclipse.equinox.common-3.14.100.jar;C:\Users\Admin\.m2\repository\org\eclipse\platform\org.eclipse.core.jobs\3.9.3\org.eclipse.core.jobs-3.9.3.jar;C:\Users\Admin\.m2\repository\org\eclipse\platform\org.eclipse.equinox.registry\3.11.200\org.eclipse.equinox.registry-3.11.200.jar;C:\Users\Admin\.m2\repository\org\eclipse\platform\org.eclipse.equinox.preferences\3.9.100\org.eclipse.equinox.preferences-3.9.100.jar;C:\Users\Admin\.m2\repository\org\osgi\org.osgi.service.prefs\1.1.2\org.osgi.service.prefs-1.1.2.jar;C:\Users\Admin\.m2\repository\org\osgi\osgi.annotation\8.0.1\osgi.annotation-8.0.1.jar;C:\Users\Admin\.m2\repository\org\eclipse\platform\org.eclipse.core.contenttype\3.7.1000\org.eclipse.core.contenttype-3.7.1000.jar;C:\Users\Admin\.m2\repository\org\eclipse\platform\org.eclipse.equinox.app\1.6.200\org.eclipse.equinox.app-1.6.200.jar;C:\Users\Admin\.m2\repository\org\eclipse\jdt\org.eclipse.jdt.core\3.14.0\org.eclipse.jdt.core-3.14.0.jar;C:\Users\Admin\.m2\repository\org\eclipse\platform\org.eclipse.core.resources\3.14.0\org.eclipse.core.resources-3.14.0.jar;C:\Users\Admin\.m2\repository\org\eclipse\platform\org.eclipse.core.expressions\3.8.200\org.eclipse.core.expressions-3.8.200.jar;C:\Users\Admin\.m2\repository\org\eclipse\platform\org.eclipse.core.filesystem\1.9.500\org.eclipse.core.filesystem-1.9.500.jar;C:\Users\Admin\.m2\repository\org\eclipse\platform\org.eclipse.text\3.12.300\org.eclipse.text-3.12.300.jar;C:\Users\Admin\.m2\repository\org\eclipse\platform\org.eclipse.core.commands\3.9.700\org.eclipse.core.commands-3.9.700.jar;C:\Users\Admin\.m2\repository\com\ibm\wala\com.ibm.wala.util\1.5.9\com.ibm.wala.util-1.5.9.jar;C:\Users\Admin\.m2\repository\com\ibm\wala\com.ibm.wala.shrike\1.5.9\com.ibm.wala.shrike-1.5.9.jar;C:\Users\Admin\.m2\repository\com\ibm\wala\com.ibm.wala.dalvik\1.5.9\com.ibm.wala.dalvik-1.5.9.jar;C:\Users\Admin\.m2\repository\org\smali\dexlib2\2.5.2\dexlib2-2.5.2.jar;C:\Users\Admin\.m2\repository\org\soot-oss\sootup.java.bytecode\1.1.2\sootup.java.bytecode-1.1.2.jar;C:\Users\Admin\.m2\repository\org\ow2\asm\asm-util\9.5\asm-util-9.5.jar;C:\Users\Admin\.m2\repository\org\ow2\asm\asm\9.5\asm-9.5.jar;C:\Users\Admin\.m2\repository\org\ow2\asm\asm-tree\9.5\asm-tree-9.5.jar;C:\Users\Admin\.m2\repository\org\ow2\asm\asm-analysis\9.5\asm-analysis-9.5.jar;C:\Users\Admin\.m2\repository\org\ow2\asm\asm-commons\9.5\asm-commons-9.5.jar;C:\Users\Admin\.m2\repository\com\github\ThexXTURBOXx\dex2jar\dex-tools\v61\dex-tools-v61.jar;C:\Users\Admin\.m2\repository\com\github\ThexXTURBOXx\dex2jar\dex-translator\v61\dex-translator-v61.jar;C:\Users\Admin\.m2\repository\com\android\tools\r8\8.0.40\r8-8.0.40.jar;C:\Users\Admin\.m2\repository\com\github\ThexXTURBOXx\dex2jar\d2j-smali\v61\d2j-smali-v61.jar;C:\Users\Admin\.m2\repository\org\antlr\antlr4\4.9.3\antlr4-4.9.3.jar;C:\Users\Admin\.m2\repository\org\antlr\ST4\4.3.1\ST4-4.3.1.jar;C:\Users\Admin\.m2\repository\org\abego\treelayout\org.abego.treelayout.core\1.0.3\org.abego.treelayout.core-1.0.3.jar;C:\Users\Admin\.m2\repository\org\glassfish\javax.json\1.0.4\javax.json-1.0.4.jar;C:\Users\Admin\.m2\repository\com\ibm\icu\icu4j\69.1\icu4j-69.1.jar;C:\Users\Admin\.m2\repository\org\antlr\antlr-runtime\3.5.3\antlr-runtime-3.5.3.jar;C:\Users\Admin\.m2\repository\com\github\ThexXTURBOXx\dex2jar\d2j-jasmin\v61\d2j-jasmin-v61.jar;C:\Users\Admin\.m2\repository\org\antlr\antlr\3.5.3\antlr-3.5.3.jar;C:\Users\Admin\.m2\repository\com\github\ThexXTURBOXx\dex2jar\dex-writer\v61\dex-writer-v61.jar;C:\Users\Admin\.m2\repository\com\github\ThexXTURBOXx\dex2jar\dex-ir\v61\dex-ir-v61.jar;C:\Users\Admin\.m2\repository\com\github\ThexXTURBOXx\dex2jar\dex-reader-api\v61\dex-reader-api-v61.jar;C:\Users\Admin\.m2\repository\com\github\ThexXTURBOXx\dex2jar\dex-reader\v61\dex-reader-v61.jar;C:\Users\Admin\.m2\repository\com\github\ThexXTURBOXx\dex2jar\d2j-base-cmd\v61\d2j-base-cmd-v61.jar;C:\Users\Admin\.m2\repository\org\soot-oss\sootup.jimple.parser\1.1.2\sootup.jimple.parser-1.1.2.jar;C:\Users\Admin\.m2\repository\org\antlr\antlr4-runtime\4.7.2\antlr4-runtime-4.7.2.jar;C:\Users\Admin\.m2\repository\org\soot-oss\sootup.callgraph\1.1.2\sootup.callgraph-1.1.2.jar;C:\Users\Admin\.m2\repository\org\soot-oss\sootup.analysis\1.1.2\sootup.analysis-1.1.2.jar;C:\Users\Admin\.m2\repository\de\upb\cs\swt\heros\1.2.3\heros-1.2.3.jar;C:\Users\Admin\.m2\repository\org\functionaljava\functionaljava\4.2\functionaljava-4.2.jar;C:\Users\Admin\.m2\repository\org\slf4j\slf4j-nop\2.0.9\slf4j-nop-2.0.9.jar;C:\Users\Admin\.m2\repository\org\junit\jupiter\junit-jupiter-api\5.10.0\junit-jupiter-api-5.10.0.jar;C:\Users\Admin\.m2\repository\org\opentest4j\opentest4j\1.3.0\opentest4j-1.3.0.jar;C:\Users\Admin\.m2\repository\org\junit\platform\junit-platform-commons\1.10.0\junit-platform-commons-1.10.0.jar;C:\Users\Admin\.m2\repository\org\apiguardian\apiguardian-api\1.1.2\apiguardian-api-1.1.2.jar;C:\Users\Admin\.m2\repository\org\junit\jupiter\junit-jupiter-engine\5.10.0\junit-jupiter-engine-5.10.0.jar;C:\Users\Admin\.m2\repository\org\junit\platform\junit-platform-engine\1.10.0\junit-platform-engine-1.10.0.jar;"/>
    <property name="sun.cpu.endian" value="little"/>
    <property name="user.home" value="C:\Users\Admin"/>
    <property name="user.language" value="en"/>
    <property name="java.specification.vendor" value="Oracle Corporation"/>
    <property name="java.version.date" value="2023-01-17"/>
    <property name="java.home" value="C:\Users\Admin\.jdks\corretto-17.0.6"/>
    <property name="file.separator" value="\"/>
    <property name="basedir" value="C:\Users\Admin\Desktop\iPatchValidator"/>
    <property name="java.vm.compressedOopsMode" value="Zero based"/>
    <property name="line.separator" value="&#10;"/>
    <property name="java.vm.specification.vendor" value="Oracle Corporation"/>
    <property name="java.specification.name" value="Java Platform API Specification"/>
    <property name="surefire.real.class.path" value="C:\Users\Admin\AppData\Local\Temp\surefire2904799523909705591\surefirebooter11564005996230611363.jar"/>
    <property name="user.script" value=""/>
    <property name="sun.management.compiler" value="HotSpot 64-Bit Tiered Compilers"/>
    <property name="java.runtime.version" value="17.0.6+10-LTS"/>
    <property name="user.name" value="Admin"/>
    <property name="path.separator" value=";"/>
    <property name="os.version" value="10.0"/>
    <property name="java.runtime.name" value="OpenJDK Runtime Environment"/>
    <property name="file.encoding" value="Cp1252"/>
    <property name="java.vm.name" value="OpenJDK 64-Bit Server VM"/>
    <property name="java.vendor.version" value="Corretto-17.0.6.10.1"/>
    <property name="localRepository" value="C:\Users\Admin\.m2\repository"/>
    <property name="java.vendor.url.bug" value="https://github.com/corretto/corretto-17/issues/"/>
    <property name="java.io.tmpdir" value="C:\Users\Admin\AppData\Local\Temp\"/>
    <property name="java.version" value="17.0.6"/>
    <property name="user.dir" value="C:\Users\Admin\Desktop\iPatchValidator"/>
    <property name="os.arch" value="amd64"/>
    <property name="java.vm.specification.name" value="Java Virtual Machine Specification"/>
    <property name="sun.os.patch.level" value=""/>
    <property name="native.encoding" value="Cp1252"/>
    <property name="java.library.path" value="C:\Users\Admin\.jdks\corretto-17.0.6\bin;C:\WINDOWS\Sun\Java\bin;C:\WINDOWS\system32;C:\WINDOWS;C:\Program Files (x86)\Common Files\Intel\Shared Libraries\redist\intel64\compiler;C:\WINDOWS\system32;C:\WINDOWS;C:\WINDOWS\System32\Wbem;C:\WINDOWS\System32\WindowsPowerShell\v1.0\;C:\WINDOWS\System32\OpenSSH\;C:\Program Files\Git\cmd;C:\Program Files\Microsoft SQL Server\150\Tools\Binn\;C:\Program Files\Microsoft SQL Server\Client SDK\ODBC\170\Tools\Binn\;C:\Program Files\dotnet\;;C:\Program Files\Docker\Docker\resources\bin;C:\ProgramData\chocolatey\bin;C:\Users\Admin\.cargo\bin;C:\Users\Admin\AppData\Local\Programs\DISKUV~1\bin;C:\Users\Admin\AppData\Local\Programs\DISKUV~1\usr\bin;C:\Users\Admin\AppData\Local\Microsoft\WindowsApps;C:\Program Files\JetBrains\IntelliJ IDEA Community Edition 2023.1\bin;C:\Program Files\JetBrains\PyCharm Community Edition 2023.1\bin;C:\Users\Admin\AppData\Local\Programs\Microsoft VS Code\bin;C:\Users\Admin\AppData\Local\JetBrains\CLion 2023.1.1\bin;C:\Program Files\JetBrains\JetBrains Rider 2023.1\bin;C:\Users\Admin\.dotnet\tools;C:\apache-maven-3.9.1-bin\apache-maven-3.9.1\bin;C:\Program Files\Microsoft Visual Studio\2022\Community\VC\Auxiliary\Build\vcvars64.bat;C:\Program Files\JetBrains\IntelliJ IDEA Community Edition 2023.1\lib\antlr-4.13.0-complete.jar;C:\Users\Admin\.dotnet\tools;C:\msys64\mingw64\bin;C:\antlr;C:\cygwin64\bin;C:\Program Files\Microsoft Visual Studio\2022\Community\VC\Tools\MSVC\14.36.32532\bin\Hostx64\x64;C:\Users\Admin\AppData\Local\Android\Sdk\tools;C:\Users\Admin\AppData\Local\Android\Sdk\platform-tools;C:\Users\Admin\.jdks\corretto-17.0.6\bin;C:\gradle-5.4.1-all\gradle-5.4.1\bin;C:\Program Files\MySQL\MySQL Server 5.1\bin;C:\ProgramData\chocolatey\lib\deno;;."/>
    <property name="java.vm.info" value="mixed mode, sharing"/>
    <property name="java.vendor" value="Amazon.com Inc."/>
    <property name="java.vm.version" value="17.0.6+10-LTS"/>
    <property name="sun.io.unicode.encoding" value="UnicodeLittle"/>
    <property name="java.class.version" value="61.0"/>
  </properties>
  <testcase name="testMethodWithANotEqualsOne" classname="CodeExamples.SourceCodeSimpleTest" time="0.027">
    <system-out><![CDATA[end of method
]]></system-out>
  </testcase>
  <testcase name="testMethodWithAEqualsOne" classname="CodeExamples.SourceCodeSimpleTest" time="0">
    <system-out><![CDATA[end of method
]]></system-out>
  </testcase>
</testsuite>